<?xml version="1.0" encoding="UTF-8"?>
<testng-results ignored="0" total="0" passed="0" failed="0" skipped="0">
  <reporter-output>
  </reporter-output>
  <suite started-at="2021-08-29T11:25:22Z" name="Suite" finished-at="2021-08-29T11:25:22Z" duration-ms="503">
    <groups>
      <group name="cucumber">
        <method signature="AbstractTestNGCucumberTests.runScenario(cucumber.api.testng.PickleEventWrapper, cucumber.api.testng.CucumberFeatureWrapper)[pri:0, instance:com.poferries.freight.AutomationFramework.web.runner.RunCukes@1ffe63b9]" name="runScenario" class="cucumber.api.testng.AbstractTestNGCucumberTests"/>
      </group> <!-- cucumber -->
    </groups>
    <test started-at="2021-08-29T11:25:22Z" name="Test1" finished-at="2021-08-29T11:25:22Z" duration-ms="503">
      <class name="com.poferries.freight.AutomationFramework.web.runner.RunCukes">
        <test-method is-config="true" signature="setUpClass()[pri:0, instance:com.poferries.freight.AutomationFramework.web.runner.RunCukes@1ffe63b9]" started-at="2021-08-29T11:25:22Z" name="setUpClass" finished-at="2021-08-29T11:25:22Z" duration-ms="314" status="PASS">
          <reporter-output>
          </reporter-output>
        </test-method> <!-- setUpClass -->
        <test-method is-config="true" signature="tearDownClass()[pri:0, instance:com.poferries.freight.AutomationFramework.web.runner.RunCukes@1ffe63b9]" started-at="2021-08-29T11:25:22Z" name="tearDownClass" finished-at="2021-08-29T11:25:22Z" duration-ms="16" status="PASS">
          <reporter-output>
          </reporter-output>
        </test-method> <!-- tearDownClass -->
      </class> <!-- com.poferries.freight.AutomationFramework.web.runner.RunCukes -->
    </test> <!-- Test1 -->
  </suite> <!-- Suite -->
</testng-results>
